[INFO] Scanning for projects...
[INFO] 
[INFO] -------------------< com.sadekinflack:asset-tracker >-------------------
[INFO] Building asset-tracker 0.0.1-SNAPSHOT
[INFO]   from pom.xml
[INFO] --------------------------------[ jar ]---------------------------------
[INFO] 
[INFO] >>> spring-boot:3.2.2:run (default-cli) > test-compile @ asset-tracker >>>
[INFO] 
[INFO] --- resources:3.3.1:resources (default-resources) @ asset-tracker ---
[INFO] Copying 1 resource from src/main/resources to target/classes
[INFO] Copying 0 resource from src/main/resources to target/classes
[INFO] 
[INFO] --- compiler:3.11.0:compile (default-compile) @ asset-tracker ---
[INFO] Changes detected - recompiling the module! :source
[INFO] Compiling 23 source files with javac [debug release 17] to target/classes
[INFO] 
[INFO] --- resources:3.3.1:testResources (default-testResources) @ asset-tracker ---
[INFO] skip non existing resourceDirectory /Users/sadek.inflack/project/personal/asset-tracker-app/java-spring-boot/src/test/resources
[INFO] 
[INFO] --- compiler:3.11.0:testCompile (default-testCompile) @ asset-tracker ---
[INFO] No sources to compile
[INFO] 
[INFO] <<< spring-boot:3.2.2:run (default-cli) < test-compile @ asset-tracker <<<
[INFO] 
[INFO] 
[INFO] --- spring-boot:3.2.2:run (default-cli) @ asset-tracker ---
[INFO] Attaching agents: []

  .   ____          _            __ _ _
 /\\ / ___'_ __ _ _(_)_ __  __ _ \ \ \ \
( ( )\___ | '_ | '_| | '_ \/ _` | \ \ \ \
 \\/  ___)| |_)| | | | | || (_| |  ) ) ) )
  '  |____| .__|_| |_|_| |_\__, | / / / /
 =========|_|==============|___/=/_/_/_/
 :: Spring Boot ::                (v3.2.2)

2026-02-07T10:43:43.778+06:00  INFO 58331 --- [           main] c.s.a.AssetTrackerApplication            : Starting AssetTrackerApplication using Java 25.0.2 with PID 58331 (/Users/sadek.inflack/project/personal/asset-tracker-app/java-spring-boot/target/classes started by sadek.inflack in /Users/sadek.inflack/project/personal/asset-tracker-app/java-spring-boot)
2026-02-07T10:43:43.779+06:00 DEBUG 58331 --- [           main] c.s.a.AssetTrackerApplication            : Running with Spring Boot v3.2.2, Spring v6.1.3
2026-02-07T10:43:43.780+06:00  INFO 58331 --- [           main] c.s.a.AssetTrackerApplication            : No active profile set, falling back to 1 default profile: "default"
2026-02-07T10:43:44.516+06:00  INFO 58331 --- [           main] .s.d.r.c.RepositoryConfigurationDelegate : Bootstrapping Spring Data JPA repositories in DEFAULT mode.
2026-02-07T10:43:44.573+06:00  INFO 58331 --- [           main] .s.d.r.c.RepositoryConfigurationDelegate : Finished Spring Data repository scanning in 49 ms. Found 5 JPA repository interfaces.
WARNING: A restricted method in java.lang.System has been called
WARNING: java.lang.System::load has been called by org.apache.tomcat.jni.Library in an unnamed module (file:/Users/sadek.inflack/.m2/repository/org/apache/tomcat/embed/tomcat-embed-core/10.1.18/tomcat-embed-core-10.1.18.jar)
WARNING: Use --enable-native-access=ALL-UNNAMED to avoid a warning for callers in this module
WARNING: Restricted methods will be blocked in a future release unless native access is enabled

2026-02-07T10:43:45.041+06:00  INFO 58331 --- [           main] o.s.b.w.embedded.tomcat.TomcatWebServer  : Tomcat initialized with port 8085 (http)
2026-02-07T10:43:45.052+06:00  INFO 58331 --- [           main] o.apache.catalina.core.StandardService   : Starting service [Tomcat]
2026-02-07T10:43:45.052+06:00  INFO 58331 --- [           main] o.apache.catalina.core.StandardEngine    : Starting Servlet engine: [Apache Tomcat/10.1.18]
2026-02-07T10:43:45.109+06:00  INFO 58331 --- [           main] o.a.c.c.C.[Tomcat].[localhost].[/]       : Initializing Spring embedded WebApplicationContext
2026-02-07T10:43:45.109+06:00  INFO 58331 --- [           main] w.s.c.ServletWebServerApplicationContext : Root WebApplicationContext: initialization completed in 1285 ms
2026-02-07T10:43:45.244+06:00  INFO 58331 --- [           main] o.hibernate.jpa.internal.util.LogHelper  : HHH000204: Processing PersistenceUnitInfo [name: default]
2026-02-07T10:43:45.315+06:00  INFO 58331 --- [           main] org.hibernate.Version                    : HHH000412: Hibernate ORM core version 6.4.1.Final
2026-02-07T10:43:45.365+06:00  INFO 58331 --- [           main] o.h.c.internal.RegionFactoryInitiator    : HHH000026: Second-level cache disabled
2026-02-07T10:43:45.650+06:00  INFO 58331 --- [           main] o.s.o.j.p.SpringPersistenceUnitInfo      : No LoadTimeWeaver setup: ignoring JPA class transformer
2026-02-07T10:43:45.686+06:00  INFO 58331 --- [           main] com.zaxxer.hikari.HikariDataSource       : HikariPool-1 - Starting...
2026-02-07T10:43:46.167+06:00  INFO 58331 --- [           main] com.zaxxer.hikari.pool.HikariPool        : HikariPool-1 - Added connection com.mysql.cj.jdbc.ConnectionImpl@657b3b
2026-02-07T10:43:46.169+06:00  INFO 58331 --- [           main] com.zaxxer.hikari.HikariDataSource       : HikariPool-1 - Start completed.
2026-02-07T10:43:46.228+06:00  WARN 58331 --- [           main] org.hibernate.orm.deprecation            : HHH90000025: MySQL8Dialect does not need to be specified explicitly using 'hibernate.dialect' (remove the property setting and it will be selected by default)
2026-02-07T10:43:46.229+06:00  WARN 58331 --- [           main] org.hibernate.orm.deprecation            : HHH90000026: MySQL8Dialect has been deprecated; use org.hibernate.dialect.MySQLDialect instead
2026-02-07T10:43:47.033+06:00  INFO 58331 --- [           main] o.h.e.t.j.p.i.JtaPlatformInitiator       : HHH000489: No JTA platform available (set 'hibernate.transaction.jta.platform' to enable JTA platform integration)
Hibernate: alter table users modify column id bigint not null auto_increment
2026-02-07T10:43:47.147+06:00  INFO 58331 --- [           main] j.LocalContainerEntityManagerFactoryBean : Initialized JPA EntityManagerFactory for persistence unit 'default'
2026-02-07T10:43:47.453+06:00 DEBUG 58331 --- [           main] c.s.a.security.JwtAuthenticationFilter   : Filter 'jwtAuthenticationFilter' configured for use
2026-02-07T10:43:47.585+06:00  INFO 58331 --- [           main] o.s.d.j.r.query.QueryEnhancerFactory     : Hibernate is in classpath; If applicable, HQL parser will be used.
2026-02-07T10:43:48.194+06:00  WARN 58331 --- [           main] JpaBaseConfiguration$JpaWebConfiguration : spring.jpa.open-in-view is enabled by default. Therefore, database queries may be performed during view rendering. Explicitly configure spring.jpa.open-in-view to disable this warning
2026-02-07T10:43:48.526+06:00  INFO 58331 --- [           main] o.s.s.web.DefaultSecurityFilterChain     : Will secure any request with [org.springframework.security.web.session.DisableEncodeUrlFilter@7821d009, org.springframework.security.web.context.request.async.WebAsyncManagerIntegrationFilter@77984827, org.springframework.security.web.context.SecurityContextHolderFilter@15c042fc, org.springframework.security.web.header.HeaderWriterFilter@28993a77, org.springframework.web.filter.CorsFilter@24afdf18, org.springframework.security.web.authentication.logout.LogoutFilter@7edb2a4b, com.sadekinflack.assettracker.security.JwtAuthenticationFilter@173b24c4, org.springframework.security.web.savedrequest.RequestCacheAwareFilter@7dee7914, org.springframework.security.web.servletapi.SecurityContextHolderAwareRequestFilter@6559cbdd, org.springframework.security.web.authentication.AnonymousAuthenticationFilter@22b112bb, org.springframework.security.web.session.SessionManagementFilter@a43a21e, org.springframework.security.web.access.ExceptionTranslationFilter@61fe5253, org.springframework.security.web.access.intercept.AuthorizationFilter@38cd7531]
2026-02-07T10:43:48.767+06:00  WARN 58331 --- [           main] ConfigServletWebServerApplicationContext : Exception encountered during context initialization - cancelling refresh attempt: org.springframework.context.ApplicationContextException: Failed to start bean 'webServerStartStop'
2026-02-07T10:43:48.769+06:00  INFO 58331 --- [           main] j.LocalContainerEntityManagerFactoryBean : Closing JPA EntityManagerFactory for persistence unit 'default'
2026-02-07T10:43:48.771+06:00  INFO 58331 --- [           main] com.zaxxer.hikari.HikariDataSource       : HikariPool-1 - Shutdown initiated...
2026-02-07T10:43:48.789+06:00  INFO 58331 --- [           main] com.zaxxer.hikari.HikariDataSource       : HikariPool-1 - Shutdown completed.
2026-02-07T10:43:48.800+06:00  INFO 58331 --- [           main] .s.b.a.l.ConditionEvaluationReportLogger : 

Error starting ApplicationContext. To display the condition evaluation report re-run your application with 'debug' enabled.
2026-02-07T10:43:48.817+06:00 ERROR 58331 --- [           main] o.s.b.d.LoggingFailureAnalysisReporter   : 

***************************
APPLICATION FAILED TO START
***************************

Description:

Web server failed to start. Port 8085 was already in use.

Action:

Identify and stop the process that's listening on port 8085 or configure this application to listen on another port.

[INFO] ------------------------------------------------------------------------
[INFO] BUILD FAILURE
[INFO] ------------------------------------------------------------------------
[INFO] Total time:  8.781 s
[INFO] Finished at: 2026-02-07T10:43:48+06:00
[INFO] ------------------------------------------------------------------------
[ERROR] Failed to execute goal org.springframework.boot:spring-boot-maven-plugin:3.2.2:run (default-cli) on project asset-tracker: Process terminated with exit code: 1 -> [Help 1]
[ERROR] 
[ERROR] To see the full stack trace of the errors, re-run Maven with the -e switch.
[ERROR] Re-run Maven using the -X switch to enable full debug logging.
[ERROR] 
[ERROR] For more information about the errors and possible solutions, please read the following articles:
[ERROR] [Help 1] http://cwiki.apache.org/confluence/display/MAVEN/MojoExecutionException
