
   INFO  Server running on [http://127.0.0.1:8000].  

  Press Ctrl+C to stop the server

  2026-02-07 10:45:31 ........................ ~ 1s
  2026-02-07 10:45:31 /favicon.ico ........... ~ 1s
  2026-02-07 10:45:51 ........................ ~ 0s
  2026-02-07 10:45:51 ........................ ~ 0s
  2026-02-07 10:45:52 /favicon.ico ........... ~ 0s
  2026-02-07 10:46:08 ........................ ~ 1s
  2026-02-07 10:46:09 ........................ ~ 0s
  2026-02-07 10:46:10 /favicon.ico ........... ~ 0s
  2026-02-07 10:46:20 ........................ ~ 0s
  2026-02-07 10:46:20 /favicon.ico ........... ~ 0s
  2026-02-07 10:47:44 ........................ ~ 0s
  2026-02-07 10:47:44 /favicon.ico ........... ~ 0s
  2026-02-07 10:47:53 ........................ ~ 0s
  2026-02-07 10:47:53 /favicon.ico ........... ~ 1s
  2026-02-07 10:49:02 ........................ ~ 0s
  2026-02-07 10:49:02 /favicon.ico ........... ~ 0s
  2026-02-07 10:49:14 ........................ ~ 0s
  2026-02-07 10:49:14 /favicon.ico ........... ~ 0s
  2026-02-07 10:49:16 ........................ ~ 0s
  2026-02-07 10:49:16 ........................ ~ 1s
  2026-02-07 10:49:17 ........................ ~ 0s
  2026-02-07 10:49:17 /favicon.ico ........... ~ 0s
  2026-02-07 10:49:36 ........................ ~ 0s
  2026-02-07 10:49:36 ........................ ~ 1s
  2026-02-07 10:49:37 /favicon.ico ........... ~ 0s
  2026-02-07 10:49:51 ........................ ~ 0s
  2026-02-07 10:49:51 /favicon.ico ........... ~ 0s
  2026-02-07 10:49:51 ....................... ~ 14s
  2026-02-07 10:50:05 /favicon.ico ........... ~ 0s
  2026-02-07 10:50:18 ........................ ~ 0s
  2026-02-07 10:50:18 /favicon.ico ........... ~ 1s
  2026-02-07 10:50:44 ........................ ~ 0s
  2026-02-07 10:50:44 /favicon.ico ........... ~ 0s
  2026-02-07 10:51:24 ........................ ~ 0s
  2026-02-07 10:51:24 /favicon.ico ........... ~ 0s
  2026-02-07 10:52:04 ........................ ~ 0s
  2026-02-07 10:52:04 /favicon.ico ........... ~ 0s
  2026-02-07 10:52:22 ........................ ~ 0s
  2026-02-07 10:52:22 /favicon.ico ........... ~ 2s
  2026-02-07 10:52:42 ........................ ~ 0s
  2026-02-07 10:52:42 /favicon.ico ........... ~ 0s
  2026-02-07 10:53:19 ........................ ~ 0s
  2026-02-07 10:53:19 /favicon.ico ........... ~ 0s
  2026-02-07 10:56:17 ........................ ~ 0s
  2026-02-07 10:56:17 /favicon.ico ........... ~ 0s
  2026-02-07 10:56:29 ........................ ~ 0s
  2026-02-07 10:56:29 ........................ ~ 0s
  2026-02-07 10:56:29 /favicon.ico ........... ~ 0s
  2026-02-07 10:56:37 ........................ ~ 0s
  2026-02-07 10:56:37 /favicon.ico ........... ~ 0s
  2026-02-07 10:57:28 ........................ ~ 0s
  2026-02-07 10:57:28 /favicon.ico ........... ~ 0s
  2026-02-07 11:00:19 ........................ ~ 0s
  2026-02-07 11:00:19 /favicon.ico ........... ~ 1s
  2026-02-07 11:02:00 ........................ ~ 0s
  2026-02-07 11:02:00 /favicon.ico ........... ~ 0s
  2026-02-07 11:02:19 ........................ ~ 1s
  2026-02-07 11:02:20 /favicon.ico ........... ~ 0s
  2026-02-07 11:04:15 /favicon.ico ........... ~ 0s
  2026-02-07 11:05:32 ........................ ~ 0s
  2026-02-07 11:05:32 /favicon.ico ........... ~ 0s
  2026-02-07 11:06:05 ........................ ~ 0s
  2026-02-07 11:06:05 /favicon.ico ........... ~ 0s
  2026-02-07 11:06:27 ........................ ~ 0s
  2026-02-07 11:06:27 /favicon.ico ........... ~ 0s
  2026-02-07 11:07:07 ........................ ~ 0s
  2026-02-07 11:07:07 /favicon.ico ........... ~ 1s
  2026-02-07 11:07:40 ........................ ~ 0s
  2026-02-07 11:07:40 /favicon.ico ........... ~ 0s
